
*** Running vivado
    with args -log soc_design_Instrument_Reader_0_0.vds -m64 -product Vivado -mode batch -messageDb vivado.pb -notrace -source soc_design_Instrument_Reader_0_0.tcl



****** Vivado v2025.1 (64-bit)
  **** SW Build 6140274 on Thu May 22 00:12:29 MDT 2025
  **** IP Build 6138677 on Thu May 22 03:10:11 MDT 2025
  **** SharedData Build 6139179 on Tue May 20 17:58:58 MDT 2025
  **** Start of session at: Sun Dec  7 11:16:22 2025
    ** Copyright 1986-2022 Xilinx, Inc. All Rights Reserved.
    ** Copyright 2022-2025 Advanced Micro Devices, Inc. All Rights Reserved.

source soc_design_Instrument_Reader_0_0.tcl -notrace
create_project: Time (s): cpu = 00:00:08 ; elapsed = 00:00:05 . Memory (MB): peak = 501.227 ; gain = 214.188
INFO: [IP_Flow 19-234] Refreshing IP repositories
INFO: [IP_Flow 19-1700] Loaded user IP repository 'c:/Users/azmib/Desktop/Codesign/ip_repo'.
INFO: [IP_Flow 19-2313] Loaded Vivado IP repository 'C:/Xilinx/2025.1/Vivado/data/ip'.
Command: synth_design -top soc_design_Instrument_Reader_0_0 -part xc7z020clg400-1 -incremental_mode off -mode out_of_context
Starting synth_design
Attempting to get a license for feature 'Synthesis' and/or device 'xc7z020'
INFO: [Common 17-349] Got license for feature 'Synthesis' and/or device 'xc7z020'
INFO: [Device 21-403] Loading part xc7z020clg400-1
INFO: [Synth 8-7079] Multithreading enabled for synth_design using a maximum of 2 processes.
INFO: [Synth 8-7078] Launching helper process for spawning children vivado processes
INFO: [Synth 8-7075] Helper process launched with PID 10360
---------------------------------------------------------------------------------
Starting RTL Elaboration : Time (s): cpu = 00:00:04 ; elapsed = 00:00:05 . Memory (MB): peak = 1236.207 ; gain = 492.582
---------------------------------------------------------------------------------
INFO: [Synth 8-638] synthesizing module 'soc_design_Instrument_Reader_0_0' [c:/Users/azmib/Desktop/Codesign/SoC_Project/SoC_Project.gen/sources_1/bd/soc_design/ip/soc_design_Instrument_Reader_0_0/synth/soc_design_Instrument_Reader_0_0.vhd:82]
	Parameter C_S00_AXI_DATA_WIDTH bound to: 32 - type: integer 
	Parameter C_S00_AXI_ADDR_WIDTH bound to: 4 - type: integer 
INFO: [Synth 8-3491] module 'Instrument_Reader' declared at 'c:/Users/azmib/Desktop/Codesign/SoC_Project/SoC_Project.gen/sources_1/bd/soc_design/ipshared/3bfc/hdl/Instrument_Reader.vhd:5' bound to instance 'U0' of component 'Instrument_Reader' [c:/Users/azmib/Desktop/Codesign/SoC_Project/SoC_Project.gen/sources_1/bd/soc_design/ip/soc_design_Instrument_Reader_0_0/synth/soc_design_Instrument_Reader_0_0.vhd:152]
INFO: [Synth 8-638] synthesizing module 'Instrument_Reader' [c:/Users/azmib/Desktop/Codesign/SoC_Project/SoC_Project.gen/sources_1/bd/soc_design/ipshared/3bfc/hdl/Instrument_Reader.vhd:49]
	Parameter C_S_AXI_DATA_WIDTH bound to: 32 - type: integer 
	Parameter C_S_AXI_ADDR_WIDTH bound to: 4 - type: integer 
INFO: [Synth 8-3491] module 'Instrument_Reader_slave_lite_v1_0_S00_AXI' declared at 'c:/Users/azmib/Desktop/Codesign/SoC_Project/SoC_Project.gen/sources_1/bd/soc_design/ipshared/3bfc/hdl/Instrument_Reader_slave_lite_v1_0_S00_AXI.vhd:5' bound to instance 'Instrument_Reader_slave_lite_v1_0_S00_AXI_inst' of component 'Instrument_Reader_slave_lite_v1_0_S00_AXI' [c:/Users/azmib/Desktop/Codesign/SoC_Project/SoC_Project.gen/sources_1/bd/soc_design/ipshared/3bfc/hdl/Instrument_Reader.vhd:102]
INFO: [Synth 8-638] synthesizing module 'Instrument_Reader_slave_lite_v1_0_S00_AXI' [c:/Users/azmib/Desktop/Codesign/SoC_Project/SoC_Project.gen/sources_1/bd/soc_design/ipshared/3bfc/hdl/Instrument_Reader_slave_lite_v1_0_S00_AXI.vhd:87]
INFO: [Synth 8-256] done synthesizing module 'Instrument_Reader_slave_lite_v1_0_S00_AXI' (0#1) [c:/Users/azmib/Desktop/Codesign/SoC_Project/SoC_Project.gen/sources_1/bd/soc_design/ipshared/3bfc/hdl/Instrument_Reader_slave_lite_v1_0_S00_AXI.vhd:87]
	Parameter C_S_AXI_DATA_WIDTH bound to: 32 - type: integer 
INFO: [Synth 8-3491] module 'instrument_reader_module' declared at 'c:/Users/azmib/Desktop/Codesign/SoC_Project/SoC_Project.gen/sources_1/bd/soc_design/ipshared/3bfc/hdl/instrument_reader_module.vhd:5' bound to instance 'Instrument_reader_module_inst' of component 'Instrument_reader_module' [c:/Users/azmib/Desktop/Codesign/SoC_Project/SoC_Project.gen/sources_1/bd/soc_design/ipshared/3bfc/hdl/Instrument_Reader.vhd:135]
INFO: [Synth 8-638] synthesizing module 'instrument_reader_module' [c:/Users/azmib/Desktop/Codesign/SoC_Project/SoC_Project.gen/sources_1/bd/soc_design/ipshared/3bfc/hdl/instrument_reader_module.vhd:17]
INFO: [Synth 8-256] done synthesizing module 'instrument_reader_module' (0#1) [c:/Users/azmib/Desktop/Codesign/SoC_Project/SoC_Project.gen/sources_1/bd/soc_design/ipshared/3bfc/hdl/instrument_reader_module.vhd:17]
INFO: [Synth 8-256] done synthesizing module 'Instrument_Reader' (0#1) [c:/Users/azmib/Desktop/Codesign/SoC_Project/SoC_Project.gen/sources_1/bd/soc_design/ipshared/3bfc/hdl/Instrument_Reader.vhd:49]
INFO: [Synth 8-256] done synthesizing module 'soc_design_Instrument_Reader_0_0' (0#1) [c:/Users/azmib/Desktop/Codesign/SoC_Project/SoC_Project.gen/sources_1/bd/soc_design/ip/soc_design_Instrument_Reader_0_0/synth/soc_design_Instrument_Reader_0_0.vhd:82]
WARNING: [Synth 8-7129] Port CONTROL_REG_IN[31] in module instrument_reader_module is either unconnected or has no load
WARNING: [Synth 8-7129] Port CONTROL_REG_IN[30] in module instrument_reader_module is either unconnected or has no load
WARNING: [Synth 8-7129] Port CONTROL_REG_IN[29] in module instrument_reader_module is either unconnected or has no load
WARNING: [Synth 8-7129] Port CONTROL_REG_IN[28] in module instrument_reader_module is either unconnected or has no load
WARNING: [Synth 8-7129] Port CONTROL_REG_IN[27] in module instrument_reader_module is either unconnected or has no load
WARNING: [Synth 8-7129] Port CONTROL_REG_IN[26] in module instrument_reader_module is either unconnected or has no load
WARNING: [Synth 8-7129] Port CONTROL_REG_IN[25] in module instrument_reader_module is either unconnected or has no load
WARNING: [Synth 8-7129] Port CONTROL_REG_IN[24] in module instrument_reader_module is either unconnected or has no load
WARNING: [Synth 8-7129] Port CONTROL_REG_IN[23] in module instrument_reader_module is either unconnected or has no load
WARNING: [Synth 8-7129] Port CONTROL_REG_IN[22] in module instrument_reader_module is either unconnected or has no load
WARNING: [Synth 8-7129] Port CONTROL_REG_IN[21] in module instrument_reader_module is either unconnected or has no load
WARNING: [Synth 8-7129] Port CONTROL_REG_IN[20] in module instrument_reader_module is either unconnected or has no load
WARNING: [Synth 8-7129] Port CONTROL_REG_IN[19] in module instrument_reader_module is either unconnected or has no load
WARNING: [Synth 8-7129] Port CONTROL_REG_IN[18] in module instrument_reader_module is either unconnected or has no load
WARNING: [Synth 8-7129] Port CONTROL_REG_IN[17] in module instrument_reader_module is either unconnected or has no load
WARNING: [Synth 8-7129] Port CONTROL_REG_IN[16] in module instrument_reader_module is either unconnected or has no load
WARNING: [Synth 8-7129] Port CONTROL_REG_IN[15] in module instrument_reader_module is either unconnected or has no load
WARNING: [Synth 8-7129] Port CONTROL_REG_IN[14] in module instrument_reader_module is either unconnected or has no load
WARNING: [Synth 8-7129] Port CONTROL_REG_IN[13] in module instrument_reader_module is either unconnected or has no load
WARNING: [Synth 8-7129] Port CONTROL_REG_IN[12] in module instrument_reader_module is either unconnected or has no load
WARNING: [Synth 8-7129] Port CONTROL_REG_IN[11] in module instrument_reader_module is either unconnected or has no load
WARNING: [Synth 8-7129] Port CONTROL_REG_IN[10] in module instrument_reader_module is either unconnected or has no load
WARNING: [Synth 8-7129] Port CONTROL_REG_IN[9] in module instrument_reader_module is either unconnected or has no load
WARNING: [Synth 8-7129] Port CONTROL_REG_IN[8] in module instrument_reader_module is either unconnected or has no load
WARNING: [Synth 8-7129] Port CONTROL_REG_IN[7] in module instrument_reader_module is either unconnected or has no load
WARNING: [Synth 8-7129] Port CONTROL_REG_IN[6] in module instrument_reader_module is either unconnected or has no load
WARNING: [Synth 8-7129] Port CONTROL_REG_IN[5] in module instrument_reader_module is either unconnected or has no load
WARNING: [Synth 8-7129] Port CONTROL_REG_IN[4] in module instrument_reader_module is either unconnected or has no load
WARNING: [Synth 8-7129] Port CONTROL_REG_IN[3] in module instrument_reader_module is either unconnected or has no load
WARNING: [Synth 8-7129] Port CONTROL_REG_IN[2] in module instrument_reader_module is either unconnected or has no load
WARNING: [Synth 8-7129] Port CONTROL_REG_IN[1] in module instrument_reader_module is either unconnected or has no load
WARNING: [Synth 8-7129] Port S_AXI_AWPROT[2] in module Instrument_Reader_slave_lite_v1_0_S00_AXI is either unconnected or has no load
WARNING: [Synth 8-7129] Port S_AXI_AWPROT[1] in module Instrument_Reader_slave_lite_v1_0_S00_AXI is either unconnected or has no load
WARNING: [Synth 8-7129] Port S_AXI_AWPROT[0] in module Instrument_Reader_slave_lite_v1_0_S00_AXI is either unconnected or has no load
WARNING: [Synth 8-7129] Port S_AXI_ARPROT[2] in module Instrument_Reader_slave_lite_v1_0_S00_AXI is either unconnected or has no load
WARNING: [Synth 8-7129] Port S_AXI_ARPROT[1] in module Instrument_Reader_slave_lite_v1_0_S00_AXI is either unconnected or has no load
WARNING: [Synth 8-7129] Port S_AXI_ARPROT[0] in module Instrument_Reader_slave_lite_v1_0_S00_AXI is either unconnected or has no load
---------------------------------------------------------------------------------
Finished RTL Elaboration : Time (s): cpu = 00:00:06 ; elapsed = 00:00:06 . Memory (MB): peak = 1350.445 ; gain = 606.820
---------------------------------------------------------------------------------
---------------------------------------------------------------------------------
Start Handling Custom Attributes
---------------------------------------------------------------------------------
---------------------------------------------------------------------------------
Finished Handling Custom Attributes : Time (s): cpu = 00:00:06 ; elapsed = 00:00:07 . Memory (MB): peak = 1350.445 ; gain = 606.820
---------------------------------------------------------------------------------
---------------------------------------------------------------------------------
Finished RTL Optimization Phase 1 : Time (s): cpu = 00:00:06 ; elapsed = 00:00:07 . Memory (MB): peak = 1350.445 ; gain = 606.820
---------------------------------------------------------------------------------
Netlist sorting complete. Time (s): cpu = 00:00:00 ; elapsed = 00:00:00.004 . Memory (MB): peak = 1350.445 ; gain = 0.000
INFO: [Project 1-570] Preparing netlist for logic optimization

Processing XDC Constraints
Initializing timing engine
Completed Processing XDC Constraints

Netlist sorting complete. Time (s): cpu = 00:00:00 ; elapsed = 00:00:00 . Memory (MB): peak = 1409.680 ; gain = 0.000
INFO: [Project 1-111] Unisim Transformation Summary:
No Unisim elements were transformed.

Constraint Validation Runtime : Time (s): cpu = 00:00:00 ; elapsed = 00:00:00.021 . Memory (MB): peak = 1410.586 ; gain = 0.906
INFO: [Designutils 20-5008] Incremental synthesis strategy off
---------------------------------------------------------------------------------
Finished Constraint Validation : Time (s): cpu = 00:00:13 ; elapsed = 00:00:14 . Memory (MB): peak = 1410.586 ; gain = 666.961
---------------------------------------------------------------------------------
---------------------------------------------------------------------------------
Start Loading Part and Timing Information
---------------------------------------------------------------------------------
Loading part: xc7z020clg400-1
---------------------------------------------------------------------------------
Finished Loading Part and Timing Information : Time (s): cpu = 00:00:13 ; elapsed = 00:00:14 . Memory (MB): peak = 1410.586 ; gain = 666.961
---------------------------------------------------------------------------------
---------------------------------------------------------------------------------
Start Applying 'set_property' XDC Constraints
---------------------------------------------------------------------------------
---------------------------------------------------------------------------------
Finished applying 'set_property' XDC Constraints : Time (s): cpu = 00:00:13 ; elapsed = 00:00:14 . Memory (MB): peak = 1410.586 ; gain = 666.961
---------------------------------------------------------------------------------
INFO: [Synth 8-802] inferred FSM for state register 'state_write_reg' in module 'Instrument_Reader_slave_lite_v1_0_S00_AXI'
INFO: [Synth 8-802] inferred FSM for state register 'state_read_reg' in module 'Instrument_Reader_slave_lite_v1_0_S00_AXI'
---------------------------------------------------------------------------------------------------
                   State |                     New Encoding |                Previous Encoding 
---------------------------------------------------------------------------------------------------
                    idle |                              001 |                               00
                   waddr |                              010 |                               10
                   wdata |                              100 |                               11
---------------------------------------------------------------------------------------------------
INFO: [Synth 8-3354] encoded FSM with state register 'state_write_reg' using encoding 'one-hot' in module 'Instrument_Reader_slave_lite_v1_0_S00_AXI'
---------------------------------------------------------------------------------------------------
                   State |                     New Encoding |                Previous Encoding 
---------------------------------------------------------------------------------------------------
                    idle |                               00 |                               00
                   raddr |                               01 |                               10
                   rdata |                               10 |                               11
---------------------------------------------------------------------------------------------------
INFO: [Synth 8-3354] encoded FSM with state register 'state_read_reg' using encoding 'sequential' in module 'Instrument_Reader_slave_lite_v1_0_S00_AXI'
---------------------------------------------------------------------------------
Finished RTL Optimization Phase 2 : Time (s): cpu = 00:00:13 ; elapsed = 00:00:14 . Memory (MB): peak = 1410.586 ; gain = 666.961
---------------------------------------------------------------------------------
---------------------------------------------------------------------------------
Start RTL Component Statistics 
---------------------------------------------------------------------------------
Detailed RTL Component Info : 
+---Adders : 
	   2 Input   32 Bit       Adders := 1     
+---Registers : 
	               32 Bit    Registers := 2     
	                4 Bit    Registers := 2     
	                2 Bit    Registers := 1     
	                1 Bit    Registers := 7     
+---Muxes : 
	   2 Input   32 Bit        Muxes := 7     
	   3 Input    3 Bit        Muxes := 1     
	   2 Input    3 Bit        Muxes := 3     
	   2 Input    2 Bit        Muxes := 3     
	   3 Input    2 Bit        Muxes := 1     
	   2 Input    1 Bit        Muxes := 2     
	   3 Input    1 Bit        Muxes := 12    
---------------------------------------------------------------------------------
Finished RTL Component Statistics 
---------------------------------------------------------------------------------
---------------------------------------------------------------------------------
Start Part Resource Summary
---------------------------------------------------------------------------------
Part Resources:
DSPs: 220 (col length:60)
BRAMs: 280 (col length: RAMB18 60 RAMB36 30)
---------------------------------------------------------------------------------
Finished Part Resource Summary
---------------------------------------------------------------------------------
---------------------------------------------------------------------------------
Start Cross Boundary and Area Optimization
---------------------------------------------------------------------------------
WARNING: [Synth 8-7080] Parallel synthesis criteria is not met
WARNING: [Synth 8-7129] Port s00_axi_awprot[2] in module soc_design_Instrument_Reader_0_0 is either unconnected or has no load
WARNING: [Synth 8-7129] Port s00_axi_awprot[1] in module soc_design_Instrument_Reader_0_0 is either unconnected or has no load
WARNING: [Synth 8-7129] Port s00_axi_awprot[0] in module soc_design_Instrument_Reader_0_0 is either unconnected or has no load
WARNING: [Synth 8-7129] Port s00_axi_arprot[2] in module soc_design_Instrument_Reader_0_0 is either unconnected or has no load
WARNING: [Synth 8-7129] Port s00_axi_arprot[1] in module soc_design_Instrument_Reader_0_0 is either unconnected or has no load
WARNING: [Synth 8-7129] Port s00_axi_arprot[0] in module soc_design_Instrument_Reader_0_0 is either unconnected or has no load
---------------------------------------------------------------------------------
Finished Cross Boundary and Area Optimization : Time (s): cpu = 00:00:15 ; elapsed = 00:00:17 . Memory (MB): peak = 1410.586 ; gain = 666.961
---------------------------------------------------------------------------------
---------------------------------------------------------------------------------
Start Applying XDC Timing Constraints
---------------------------------------------------------------------------------
---------------------------------------------------------------------------------
Finished Applying XDC Timing Constraints : Time (s): cpu = 00:00:21 ; elapsed = 00:00:22 . Memory (MB): peak = 1561.766 ; gain = 818.141
---------------------------------------------------------------------------------
---------------------------------------------------------------------------------
Start Timing Optimization
---------------------------------------------------------------------------------
---------------------------------------------------------------------------------
Finished Timing Optimization : Time (s): cpu = 00:00:21 ; elapsed = 00:00:22 . Memory (MB): peak = 1561.988 ; gain = 818.363
---------------------------------------------------------------------------------
---------------------------------------------------------------------------------
Start Technology Mapping
---------------------------------------------------------------------------------
---------------------------------------------------------------------------------
Finished Technology Mapping : Time (s): cpu = 00:00:21 ; elapsed = 00:00:23 . Memory (MB): peak = 1581.047 ; gain = 837.422
---------------------------------------------------------------------------------
---------------------------------------------------------------------------------
Start IO Insertion
---------------------------------------------------------------------------------
---------------------------------------------------------------------------------
Start Flattening Before IO Insertion
---------------------------------------------------------------------------------
---------------------------------------------------------------------------------
Finished Flattening Before IO Insertion
---------------------------------------------------------------------------------
---------------------------------------------------------------------------------
Start Final Netlist Cleanup
---------------------------------------------------------------------------------
---------------------------------------------------------------------------------
Finished Final Netlist Cleanup
---------------------------------------------------------------------------------
---------------------------------------------------------------------------------
Finished IO Insertion : Time (s): cpu = 00:00:25 ; elapsed = 00:00:26 . Memory (MB): peak = 1806.293 ; gain = 1062.668
---------------------------------------------------------------------------------
---------------------------------------------------------------------------------
Start Renaming Generated Instances
---------------------------------------------------------------------------------
---------------------------------------------------------------------------------
Finished Renaming Generated Instances : Time (s): cpu = 00:00:25 ; elapsed = 00:00:26 . Memory (MB): peak = 1806.293 ; gain = 1062.668
---------------------------------------------------------------------------------
---------------------------------------------------------------------------------
Start Rebuilding User Hierarchy
---------------------------------------------------------------------------------
---------------------------------------------------------------------------------
Finished Rebuilding User Hierarchy : Time (s): cpu = 00:00:25 ; elapsed = 00:00:26 . Memory (MB): peak = 1806.293 ; gain = 1062.668
---------------------------------------------------------------------------------
---------------------------------------------------------------------------------
Start Renaming Generated Ports
---------------------------------------------------------------------------------
---------------------------------------------------------------------------------
Finished Renaming Generated Ports : Time (s): cpu = 00:00:25 ; elapsed = 00:00:26 . Memory (MB): peak = 1806.293 ; gain = 1062.668
---------------------------------------------------------------------------------
---------------------------------------------------------------------------------
Start Handling Custom Attributes
---------------------------------------------------------------------------------
---------------------------------------------------------------------------------
Finished Handling Custom Attributes : Time (s): cpu = 00:00:25 ; elapsed = 00:00:26 . Memory (MB): peak = 1806.293 ; gain = 1062.668
---------------------------------------------------------------------------------
---------------------------------------------------------------------------------
Start Renaming Generated Nets
---------------------------------------------------------------------------------
---------------------------------------------------------------------------------
Finished Renaming Generated Nets : Time (s): cpu = 00:00:25 ; elapsed = 00:00:26 . Memory (MB): peak = 1806.293 ; gain = 1062.668
---------------------------------------------------------------------------------
---------------------------------------------------------------------------------
Start Writing Synthesis Report
---------------------------------------------------------------------------------

Report BlackBoxes: 
+-+--------------+----------+
| |BlackBox name |Instances |
+-+--------------+----------+
+-+--------------+----------+

Report Cell Usage: 
+------+-------+------+
|      |Cell   |Count |
+------+-------+------+
|1     |CARRY4 |     8|
|2     |LUT1   |     5|
|3     |LUT2   |    35|
|4     |LUT4   |    40|
|5     |LUT5   |    38|
|6     |LUT6   |    13|
|7     |FDRE   |    66|
|8     |FDSE   |    14|
+------+-------+------+
---------------------------------------------------------------------------------
Finished Writing Synthesis Report : Time (s): cpu = 00:00:25 ; elapsed = 00:00:26 . Memory (MB): peak = 1806.293 ; gain = 1062.668
---------------------------------------------------------------------------------
Synthesis finished with 0 errors, 0 critical warnings and 7 warnings.
Synthesis Optimization Runtime : Time (s): cpu = 00:00:17 ; elapsed = 00:00:24 . Memory (MB): peak = 1806.293 ; gain = 1002.527
Synthesis Optimization Complete : Time (s): cpu = 00:00:25 ; elapsed = 00:00:26 . Memory (MB): peak = 1806.293 ; gain = 1062.668
INFO: [Project 1-571] Translating synthesized netlist
Netlist sorting complete. Time (s): cpu = 00:00:00 ; elapsed = 00:00:00.003 . Memory (MB): peak = 1806.293 ; gain = 0.000
INFO: [Netlist 29-17] Analyzing 8 Unisim elements for replacement
INFO: [Netlist 29-28] Unisim Transformation completed in 0 CPU seconds
INFO: [Project 1-570] Preparing netlist for logic optimization
INFO: [Opt 31-138] Pushed 0 inverter(s) to 0 load pin(s).
Netlist sorting complete. Time (s): cpu = 00:00:00 ; elapsed = 00:00:00 . Memory (MB): peak = 1806.293 ; gain = 0.000
INFO: [Project 1-111] Unisim Transformation Summary:
No Unisim elements were transformed.

Synth Design complete | Checksum: cef698b1
INFO: [Common 17-83] Releasing license: Synthesis
33 Infos, 44 Warnings, 0 Critical Warnings and 0 Errors encountered.
synth_design completed successfully
synth_design: Time (s): cpu = 00:00:29 ; elapsed = 00:00:31 . Memory (MB): peak = 1806.293 ; gain = 1286.500
Write ShapeDB Complete: Time (s): cpu = 00:00:00 ; elapsed = 00:00:00.001 . Memory (MB): peak = 1806.293 ; gain = 0.000
INFO: [Common 17-1381] The checkpoint 'C:/Users/azmib/Desktop/Codesign/SoC_Project/SoC_Project.runs/soc_design_Instrument_Reader_0_0_synth_1/soc_design_Instrument_Reader_0_0.dcp' has been generated.
INFO: [Coretcl 2-1648] Added synthesis output to IP cache for IP soc_design_Instrument_Reader_0_0, cache-ID = c4524161852a4d33
INFO: [Coretcl 2-1174] Renamed 3 cell refs.
Write ShapeDB Complete: Time (s): cpu = 00:00:00 ; elapsed = 00:00:00.001 . Memory (MB): peak = 1806.293 ; gain = 0.000
INFO: [Common 17-1381] The checkpoint 'C:/Users/azmib/Desktop/Codesign/SoC_Project/SoC_Project.runs/soc_design_Instrument_Reader_0_0_synth_1/soc_design_Instrument_Reader_0_0.dcp' has been generated.
INFO: [Vivado 12-24828] Executing command : report_utilization -file soc_design_Instrument_Reader_0_0_utilization_synth.rpt -pb soc_design_Instrument_Reader_0_0_utilization_synth.pb
INFO: [Common 17-206] Exiting Vivado at Sun Dec  7 11:17:04 2025...
