Copyright 1986-2022 Xilinx, Inc. All Rights Reserved. Copyright 2022-2025 Advanced Micro Devices, Inc. All Rights Reserved.
---------------------------------------------------------------------------------------------------------------------------------------------
| Tool Version : Vivado v.2025.1 (win64) Build 6140274 Thu May 22 00:12:29 MDT 2025
| Date         : Sat Dec  6 16:11:13 2025
| Host         : Azmis_Laptop running 64-bit major release  (build 9200)
| Command      : upgrade_ip
| Device       : xc7z020clg400-1
---------------------------------------------------------------------------------------------------------------------------------------------

Upgrade Log for IP 'soc_design_IP_InstrumentReader_0_0'

1. Summary
----------

SUCCESS in the upgrade of soc_design_IP_InstrumentReader_0_0 (xilinx.com:user:IP_InstrumentReader:1.0) from (Rev. 3) to (Rev. 4)






Copyright 1986-2022 Xilinx, Inc. All Rights Reserved. Copyright 2022-2025 Advanced Micro Devices, Inc. All Rights Reserved.
---------------------------------------------------------------------------------------------------------------------------------------------
| Tool Version : Vivado v.2025.1 (win64) Build 6140274 Thu May 22 00:12:29 MDT 2025
| Date         : Fri Dec  5 11:51:38 2025
| Host         : Azmis_Laptop running 64-bit major release  (build 9200)
| Command      : upgrade_ip
| Device       : xc7z020clg400-1
---------------------------------------------------------------------------------------------------------------------------------------------

Upgrade Log for IP 'soc_design_IP_InstrumentReader_0_0'

1. Summary
----------

SUCCESS in the upgrade of soc_design_IP_InstrumentReader_0_0 (xilinx.com:user:IP_InstrumentReader:1.0) from (Rev. 2) to (Rev. 3)

