
*** Running vivado
    with args -log soc_design_wrapper.vdi -applog -m64 -product Vivado -messageDb vivado.pb -mode batch -source soc_design_wrapper.tcl -notrace



****** Vivado v2025.1 (64-bit)
  **** SW Build 6140274 on Thu May 22 00:12:29 MDT 2025
  **** IP Build 6138677 on Thu May 22 03:10:11 MDT 2025
  **** SharedData Build 6139179 on Tue May 20 17:58:58 MDT 2025
  **** Start of session at: Sat Dec  6 23:40:16 2025
    ** Copyright 1986-2022 Xilinx, Inc. All Rights Reserved.
    ** Copyright 2022-2025 Advanced Micro Devices, Inc. All Rights Reserved.

source soc_design_wrapper.tcl -notrace
create_project: Time (s): cpu = 00:00:08 ; elapsed = 00:00:05 . Memory (MB): peak = 499.805 ; gain = 213.398
INFO: [IP_Flow 19-234] Refreshing IP repositories
INFO: [IP_Flow 19-1700] Loaded user IP repository 'c:/Users/azmib/Desktop/HardwareSoftwareCodesign/IP_Cores/ip_repo'.
INFO: [IP_Flow 19-2313] Loaded Vivado IP repository 'C:/Xilinx/2025.1/Vivado/data/ip'.
WARNING: [IP_Flow 19-4995] The host OS only allows 260 characters in a normal path. The IP cache path is more than 80 characters. If you experience issues with IP caching, please consider changing the IP cache to a location with a shorter path. Alternately consider using the OS subst command to map part of the path to a drive letter. 
Current IP cache path is C:/Users/azmib/Desktop/HardwareSoftwareCodesign/Vivado_Project/SoC_Project/SoC_Project.cache/ip 
Command: link_design -top soc_design_wrapper -part xc7z020clg400-1
Design is defaulting to srcset: sources_1
Design is defaulting to constrset: constrs_1
INFO: [Device 21-403] Loading part xc7z020clg400-1
INFO: [Project 1-5699] Read binary netlist with skipMacroContent - 1
INFO: [Project 1-454] Reading design checkpoint 'c:/Users/azmib/Desktop/HardwareSoftwareCodesign/Vivado_Project/SoC_Project/SoC_Project.gen/sources_1/bd/soc_design/ip/soc_design_IP_InstrumentReader_0_0/soc_design_IP_InstrumentReader_0_0.dcp' for cell 'soc_design_i/IP_InstrumentReader_0'
INFO: [Project 1-454] Reading design checkpoint 'c:/Users/azmib/Desktop/HardwareSoftwareCodesign/Vivado_Project/SoC_Project/SoC_Project.gen/sources_1/bd/soc_design/ip/soc_design_axi_smc_0/soc_design_axi_smc_0.dcp' for cell 'soc_design_i/axi_smc'
INFO: [Project 1-454] Reading design checkpoint 'c:/Users/azmib/Desktop/HardwareSoftwareCodesign/Vivado_Project/SoC_Project/SoC_Project.gen/sources_1/bd/soc_design/ip/soc_design_processing_system7_0_0/soc_design_processing_system7_0_0.dcp' for cell 'soc_design_i/processing_system7_0'
INFO: [Project 1-454] Reading design checkpoint 'c:/Users/azmib/Desktop/HardwareSoftwareCodesign/Vivado_Project/SoC_Project/SoC_Project.gen/sources_1/bd/soc_design/ip/soc_design_rst_ps7_0_100M_0/soc_design_rst_ps7_0_100M_0.dcp' for cell 'soc_design_i/rst_ps7_0_100M'
INFO: [Project 1-454] Reading design checkpoint 'c:/Users/azmib/Desktop/HardwareSoftwareCodesign/Vivado_Project/SoC_Project/SoC_Project.gen/sources_1/bd/soc_design/ip/soc_design_temp_control_0_0/soc_design_temp_control_0_0.dcp' for cell 'soc_design_i/temp_control_0'
Netlist sorting complete. Time (s): cpu = 00:00:01 ; elapsed = 00:00:00.155 . Memory (MB): peak = 832.531 ; gain = 0.000
INFO: [Netlist 29-17] Analyzing 15 Unisim elements for replacement
INFO: [Netlist 29-28] Unisim Transformation completed in 0 CPU seconds
INFO: [Project 1-479] Netlist was created with Vivado 2025.1
INFO: [Project 1-570] Preparing netlist for logic optimization
Parsing XDC File [c:/Users/azmib/Desktop/HardwareSoftwareCodesign/Vivado_Project/SoC_Project/SoC_Project.gen/sources_1/bd/soc_design/ip/soc_design_processing_system7_0_0/soc_design_processing_system7_0_0.xdc] for cell 'soc_design_i/processing_system7_0/inst'
Finished Parsing XDC File [c:/Users/azmib/Desktop/HardwareSoftwareCodesign/Vivado_Project/SoC_Project/SoC_Project.gen/sources_1/bd/soc_design/ip/soc_design_processing_system7_0_0/soc_design_processing_system7_0_0.xdc] for cell 'soc_design_i/processing_system7_0/inst'
Parsing XDC File [c:/Users/azmib/Desktop/HardwareSoftwareCodesign/Vivado_Project/SoC_Project/SoC_Project.gen/sources_1/bd/soc_design/ip/soc_design_axi_smc_0/bd_0/ip/ip_1/bd_404a_psr_aclk_0_board.xdc] for cell 'soc_design_i/axi_smc/inst/clk_map/psr_aclk/U0'
Finished Parsing XDC File [c:/Users/azmib/Desktop/HardwareSoftwareCodesign/Vivado_Project/SoC_Project/SoC_Project.gen/sources_1/bd/soc_design/ip/soc_design_axi_smc_0/bd_0/ip/ip_1/bd_404a_psr_aclk_0_board.xdc] for cell 'soc_design_i/axi_smc/inst/clk_map/psr_aclk/U0'
Parsing XDC File [c:/Users/azmib/Desktop/HardwareSoftwareCodesign/Vivado_Project/SoC_Project/SoC_Project.gen/sources_1/bd/soc_design/ip/soc_design_axi_smc_0/smartconnect.xdc] for cell 'soc_design_i/axi_smc/inst'
Finished Parsing XDC File [c:/Users/azmib/Desktop/HardwareSoftwareCodesign/Vivado_Project/SoC_Project/SoC_Project.gen/sources_1/bd/soc_design/ip/soc_design_axi_smc_0/smartconnect.xdc] for cell 'soc_design_i/axi_smc/inst'
Parsing XDC File [c:/Users/azmib/Desktop/HardwareSoftwareCodesign/Vivado_Project/SoC_Project/SoC_Project.gen/sources_1/bd/soc_design/ip/soc_design_rst_ps7_0_100M_0/soc_design_rst_ps7_0_100M_0_board.xdc] for cell 'soc_design_i/rst_ps7_0_100M/U0'
Finished Parsing XDC File [c:/Users/azmib/Desktop/HardwareSoftwareCodesign/Vivado_Project/SoC_Project/SoC_Project.gen/sources_1/bd/soc_design/ip/soc_design_rst_ps7_0_100M_0/soc_design_rst_ps7_0_100M_0_board.xdc] for cell 'soc_design_i/rst_ps7_0_100M/U0'
INFO: [Project 1-1714] 49 XPM XDC files have been applied to the design.
INFO: [Opt 31-138] Pushed 0 inverter(s) to 0 load pin(s).
Netlist sorting complete. Time (s): cpu = 00:00:00 ; elapsed = 00:00:00.002 . Memory (MB): peak = 1555.125 ; gain = 0.000
INFO: [Project 1-111] Unisim Transformation Summary:
No Unisim elements were transformed.

17 Infos, 1 Warnings, 0 Critical Warnings and 0 Errors encountered.
link_design completed successfully
link_design: Time (s): cpu = 00:00:12 ; elapsed = 00:00:13 . Memory (MB): peak = 1555.125 ; gain = 965.258
Command: opt_design
Attempting to get a license for feature 'Implementation' and/or device 'xc7z020'
INFO: [Common 17-349] Got license for feature 'Implementation' and/or device 'xc7z020'
Running DRC as a precondition to command opt_design

Starting DRC Task
INFO: [DRC 23-27] Running DRC with 2 threads
INFO: [Project 1-461] DRC finished with 0 Errors
INFO: [Project 1-462] Please refer to the DRC report (report_drc) for more information.

Time (s): cpu = 00:00:01 ; elapsed = 00:00:01 . Memory (MB): peak = 1555.125 ; gain = 0.000

Starting Cache Timing Information Task
INFO: [Timing 38-35] Done setting XDC timing constraints.
Ending Cache Timing Information Task | Checksum: 187b589ef

Time (s): cpu = 00:00:00 ; elapsed = 00:00:00.137 . Memory (MB): peak = 1555.125 ; gain = 0.000

Starting Logic Optimization Task

Phase 1 Initialization

Phase 1.1 Core Generation And Design Setup
Phase 1.1 Core Generation And Design Setup | Checksum: 187b589ef

Time (s): cpu = 00:00:00 ; elapsed = 00:00:00.006 . Memory (MB): peak = 1968.707 ; gain = 0.000

Phase 1.2 Setup Constraints And Sort Netlist
Phase 1.2 Setup Constraints And Sort Netlist | Checksum: 187b589ef

Time (s): cpu = 00:00:00 ; elapsed = 00:00:00.011 . Memory (MB): peak = 1968.707 ; gain = 0.000
Phase 1 Initialization | Checksum: 187b589ef

Time (s): cpu = 00:00:00 ; elapsed = 00:00:00.013 . Memory (MB): peak = 1968.707 ; gain = 0.000

Phase 2 Timer Update And Timing Data Collection

Phase 2.1 Timer Update
Phase 2.1 Timer Update | Checksum: 187b589ef

Time (s): cpu = 00:00:00 ; elapsed = 00:00:00.042 . Memory (MB): peak = 1968.707 ; gain = 0.000

Phase 2.2 Timing Data Collection
Phase 2.2 Timing Data Collection | Checksum: 187b589ef

Time (s): cpu = 00:00:00 ; elapsed = 00:00:00.053 . Memory (MB): peak = 1968.707 ; gain = 0.000
Phase 2 Timer Update And Timing Data Collection | Checksum: 187b589ef

Time (s): cpu = 00:00:00 ; elapsed = 00:00:00.056 . Memory (MB): peak = 1968.707 ; gain = 0.000

Phase 3 Retarget
INFO: [Opt 31-1851] Number of loadless carry chains removed were: 0
INFO: [Opt 31-1834] Total Chains To Be Transformed Were: 0 AND Number of Transformed insts Created are: 0
INFO: [Opt 31-138] Pushed 5 inverter(s) to 21 load pin(s).
INFO: [Opt 31-49] Retargeted 0 cell(s).
Phase 3 Retarget | Checksum: 184a0858b

Time (s): cpu = 00:00:00 ; elapsed = 00:00:00.114 . Memory (MB): peak = 1968.707 ; gain = 0.000
Retarget | Checksum: 184a0858b
INFO: [Opt 31-389] Phase Retarget created 10 cells and removed 40 cells
INFO: [Opt 31-1021] In phase Retarget, 80 netlist objects are constrained preventing optimization. Please run opt_design with -debug_log to get more detail. 

Phase 4 Constant propagation
INFO: [Opt 31-138] Pushed 1 inverter(s) to 1 load pin(s).
Phase 4 Constant propagation | Checksum: 1e704be65

Time (s): cpu = 00:00:00 ; elapsed = 00:00:00.144 . Memory (MB): peak = 1968.707 ; gain = 0.000
Constant propagation | Checksum: 1e704be65
INFO: [Opt 31-389] Phase Constant propagation created 46 cells and removed 86 cells
INFO: [Opt 31-1021] In phase Constant propagation, 80 netlist objects are constrained preventing optimization. Please run opt_design with -debug_log to get more detail. 

Phase 5 Sweep
INFO: [Constraints 18-11670] Building netlist checker database with flags, 0x8
Done building netlist checker database: Time (s): cpu = 00:00:00 ; elapsed = 00:00:00.001 . Memory (MB): peak = 1968.707 ; gain = 0.000
INFO: [Constraints 18-11670] Building netlist checker database with flags, 0x8
Done building netlist checker database: Time (s): cpu = 00:00:00 ; elapsed = 00:00:00.001 . Memory (MB): peak = 1968.707 ; gain = 0.000
Phase 5 Sweep | Checksum: 19d3dcdfc

Time (s): cpu = 00:00:00 ; elapsed = 00:00:00.437 . Memory (MB): peak = 1968.707 ; gain = 0.000
Sweep | Checksum: 19d3dcdfc
INFO: [Opt 31-389] Phase Sweep created 0 cells and removed 150 cells
INFO: [Opt 31-1021] In phase Sweep, 100 netlist objects are constrained preventing optimization. Please run opt_design with -debug_log to get more detail. 

Phase 6 BUFG optimization
Phase 6 BUFG optimization | Checksum: 19d3dcdfc

Time (s): cpu = 00:00:00 ; elapsed = 00:00:00.465 . Memory (MB): peak = 1968.707 ; gain = 0.000
BUFG optimization | Checksum: 19d3dcdfc
INFO: [Opt 31-662] Phase BUFG optimization created 0 cells of which 0 are BUFGs and removed 0 cells.

Phase 7 Shift Register Optimization
INFO: [Opt 31-1064] SRL Remap converted 0 SRLs to 0 registers and converted 0 registers of register chains to 0 SRLs
Phase 7 Shift Register Optimization | Checksum: 19d3dcdfc

Time (s): cpu = 00:00:00 ; elapsed = 00:00:00.471 . Memory (MB): peak = 1968.707 ; gain = 0.000
Shift Register Optimization | Checksum: 19d3dcdfc
INFO: [Opt 31-389] Phase Shift Register Optimization created 0 cells and removed 0 cells

Phase 8 Post Processing Netlist
Phase 8 Post Processing Netlist | Checksum: 16d9fa4b6

Time (s): cpu = 00:00:00 ; elapsed = 00:00:00.484 . Memory (MB): peak = 1968.707 ; gain = 0.000
Post Processing Netlist | Checksum: 16d9fa4b6
INFO: [Opt 31-389] Phase Post Processing Netlist created 0 cells and removed 0 cells
INFO: [Opt 31-1021] In phase Post Processing Netlist, 95 netlist objects are constrained preventing optimization. Please run opt_design with -debug_log to get more detail. 

Phase 9 Finalization

Phase 9.1 Finalizing Design Cores and Updating Shapes
Phase 9.1 Finalizing Design Cores and Updating Shapes | Checksum: 10ea67cf8

Time (s): cpu = 00:00:00 ; elapsed = 00:00:00.554 . Memory (MB): peak = 1968.707 ; gain = 0.000

Phase 9.2 Verifying Netlist Connectivity

Starting Connectivity Check Task

Time (s): cpu = 00:00:00 ; elapsed = 00:00:00.008 . Memory (MB): peak = 1968.707 ; gain = 0.000
Phase 9.2 Verifying Netlist Connectivity | Checksum: 10ea67cf8

Time (s): cpu = 00:00:00 ; elapsed = 00:00:00.566 . Memory (MB): peak = 1968.707 ; gain = 0.000
Phase 9 Finalization | Checksum: 10ea67cf8

Time (s): cpu = 00:00:00 ; elapsed = 00:00:00.567 . Memory (MB): peak = 1968.707 ; gain = 0.000
Opt_design Change Summary
=========================


-------------------------------------------------------------------------------------------------------------------------
|  Phase                        |  #Cells created  |  #Cells Removed  |  #Constrained objects preventing optimizations  |
-------------------------------------------------------------------------------------------------------------------------
|  Retarget                     |              10  |              40  |                                             80  |
|  Constant propagation         |              46  |              86  |                                             80  |
|  Sweep                        |               0  |             150  |                                            100  |
|  BUFG optimization            |               0  |               0  |                                              0  |
|  Shift Register Optimization  |               0  |               0  |                                              0  |
|  Post Processing Netlist      |               0  |               0  |                                             95  |
-------------------------------------------------------------------------------------------------------------------------


Ending Logic Optimization Task | Checksum: 10ea67cf8

Time (s): cpu = 00:00:00 ; elapsed = 00:00:00.570 . Memory (MB): peak = 1968.707 ; gain = 0.000

Starting Power Optimization Task
INFO: [Pwropt 34-132] Skipping clock gating for clocks with a period < 2.00 ns.
Ending Power Optimization Task | Checksum: 10ea67cf8

Time (s): cpu = 00:00:00 ; elapsed = 00:00:00.011 . Memory (MB): peak = 1968.707 ; gain = 0.000

Starting Final Cleanup Task
Ending Final Cleanup Task | Checksum: 10ea67cf8

Time (s): cpu = 00:00:00 ; elapsed = 00:00:00.002 . Memory (MB): peak = 1968.707 ; gain = 0.000

Starting Netlist Obfuscation Task
Netlist sorting complete. Time (s): cpu = 00:00:00 ; elapsed = 00:00:00.001 . Memory (MB): peak = 1968.707 ; gain = 0.000
Ending Netlist Obfuscation Task | Checksum: 10ea67cf8

Time (s): cpu = 00:00:00 ; elapsed = 00:00:00.003 . Memory (MB): peak = 1968.707 ; gain = 0.000
INFO: [Common 17-83] Releasing license: Implementation
42 Infos, 1 Warnings, 0 Critical Warnings and 0 Errors encountered.
opt_design completed successfully
INFO: [Vivado 12-24828] Executing command : report_drc -file soc_design_wrapper_drc_opted.rpt -pb soc_design_wrapper_drc_opted.pb -rpx soc_design_wrapper_drc_opted.rpx
Command: report_drc -file soc_design_wrapper_drc_opted.rpt -pb soc_design_wrapper_drc_opted.pb -rpx soc_design_wrapper_drc_opted.rpx
INFO: [IP_Flow 19-1839] IP Catalog is up to date.
INFO: [DRC 23-27] Running DRC with 2 threads
INFO: [Vivado_Tcl 2-168] The results of DRC are in file C:/Users/azmib/Desktop/HardwareSoftwareCodesign/Vivado_Project/SoC_Project/SoC_Project.runs/impl_1/soc_design_wrapper_drc_opted.rpt.
report_drc completed successfully
INFO: [Timing 38-480] Writing timing data to binary archive.
Write ShapeDB Complete: Time (s): cpu = 00:00:01 ; elapsed = 00:00:00.007 . Memory (MB): peak = 1968.707 ; gain = 0.000
Wrote PlaceDB: Time (s): cpu = 00:00:00 ; elapsed = 00:00:00.014 . Memory (MB): peak = 1968.707 ; gain = 0.000
Wrote PulsedLatchDB: Time (s): cpu = 00:00:00 ; elapsed = 00:00:00 . Memory (MB): peak = 1968.707 ; gain = 0.000
Writing XDEF routing.
Writing XDEF routing logical nets.
Writing XDEF routing special nets.
Wrote RouteStorage: Time (s): cpu = 00:00:00 ; elapsed = 00:00:00.026 . Memory (MB): peak = 1968.707 ; gain = 0.000
Wrote Netlist Cache: Time (s): cpu = 00:00:00 ; elapsed = 00:00:00.001 . Memory (MB): peak = 1968.707 ; gain = 0.000
Wrote Device Cache: Time (s): cpu = 00:00:00 ; elapsed = 00:00:00.011 . Memory (MB): peak = 1968.707 ; gain = 0.000
Write Physdb Complete: Time (s): cpu = 00:00:01 ; elapsed = 00:00:00.056 . Memory (MB): peak = 1968.707 ; gain = 0.000
INFO: [Common 17-1381] The checkpoint 'C:/Users/azmib/Desktop/HardwareSoftwareCodesign/Vivado_Project/SoC_Project/SoC_Project.runs/impl_1/soc_design_wrapper_opt.dcp' has been generated.
Command: place_design
Attempting to get a license for feature 'Implementation' and/or device 'xc7z020'
INFO: [Common 17-349] Got license for feature 'Implementation' and/or device 'xc7z020'
INFO: [Common 17-83] Releasing license: Implementation
INFO: [DRC 23-27] Running DRC with 2 threads
INFO: [Vivado_Tcl 4-198] DRC finished with 0 Errors
INFO: [Vivado_Tcl 4-199] Please refer to the DRC report (report_drc) for more information.
Running DRC as a precondition to command place_design
INFO: [DRC 23-27] Running DRC with 2 threads
INFO: [Vivado_Tcl 4-198] DRC finished with 0 Errors
INFO: [Vivado_Tcl 4-199] Please refer to the DRC report (report_drc) for more information.
INFO: [Place 30-611] Multithreading enabled for place_design using a maximum of 2 CPUs

Starting Placer Task

Phase 1 Placer Initialization

Phase 1.1 Placer Initialization Netlist Sorting
Netlist sorting complete. Time (s): cpu = 00:00:00 ; elapsed = 00:00:00.002 . Memory (MB): peak = 1968.707 ; gain = 0.000
Phase 1.1 Placer Initialization Netlist Sorting | Checksum: d2b6f847

Time (s): cpu = 00:00:00 ; elapsed = 00:00:00.005 . Memory (MB): peak = 1968.707 ; gain = 0.000
Netlist sorting complete. Time (s): cpu = 00:00:00 ; elapsed = 00:00:00.001 . Memory (MB): peak = 1968.707 ; gain = 0.000

Phase 1.2 IO Placement/ Clock Placement/ Build Placer Device
INFO: [Timing 38-35] Done setting XDC timing constraints.
Phase 1.2 IO Placement/ Clock Placement/ Build Placer Device | Checksum: c54b6140

Time (s): cpu = 00:00:01 ; elapsed = 00:00:00.461 . Memory (MB): peak = 1976.973 ; gain = 8.266

Phase 1.3 Build Placer Netlist Model
Phase 1.3 Build Placer Netlist Model | Checksum: 79dc9617

Time (s): cpu = 00:00:01 ; elapsed = 00:00:00.711 . Memory (MB): peak = 1976.973 ; gain = 8.266

Phase 1.4 Constrain Clocks/Macros
Phase 1.4 Constrain Clocks/Macros | Checksum: 79dc9617

Time (s): cpu = 00:00:01 ; elapsed = 00:00:00.717 . Memory (MB): peak = 1976.973 ; gain = 8.266
Phase 1 Placer Initialization | Checksum: 79dc9617

Time (s): cpu = 00:00:01 ; elapsed = 00:00:00.723 . Memory (MB): peak = 1976.973 ; gain = 8.266

Phase 2 Global Placement

Phase 2.1 Floorplanning
Phase 2.1 Floorplanning | Checksum: b7b8b6d7

Time (s): cpu = 00:00:01 ; elapsed = 00:00:00.784 . Memory (MB): peak = 1976.973 ; gain = 8.266

Phase 2.2 Update Timing before SLR Path Opt
Phase 2.2 Update Timing before SLR Path Opt | Checksum: a4e2f724

Time (s): cpu = 00:00:01 ; elapsed = 00:00:00.840 . Memory (MB): peak = 1976.973 ; gain = 8.266

Phase 2.3 Post-Processing in Floorplanning
Phase 2.3 Post-Processing in Floorplanning | Checksum: a4e2f724

Time (s): cpu = 00:00:01 ; elapsed = 00:00:00.844 . Memory (MB): peak = 1976.973 ; gain = 8.266

Phase 2.4 Global Place Phase1
Phase 2.4 Global Place Phase1 | Checksum: 11a748a41

Time (s): cpu = 00:00:03 ; elapsed = 00:00:02 . Memory (MB): peak = 1976.973 ; gain = 8.266

Phase 2.5 Global Place Phase2

Phase 2.5.1 UpdateTiming Before Physical Synthesis
Phase 2.5.1 UpdateTiming Before Physical Synthesis | Checksum: 77329c18

Time (s): cpu = 00:00:03 ; elapsed = 00:00:02 . Memory (MB): peak = 1976.973 ; gain = 8.266

Phase 2.5.2 Physical Synthesis In Placer
INFO: [Physopt 32-1035] Found 0 LUTNM shape to break, 79 LUT instances to create LUTNM shape
INFO: [Physopt 32-1044] Break lutnm for timing: one critical 0, two critical 0, total 0, new lutff created 0
INFO: [Physopt 32-1138] End 1 Pass. Optimized 28 nets or LUTs. Breaked 0 LUT, combined 28 existing LUTs and moved 0 existing LUT
INFO: [Physopt 32-65] No nets found for high-fanout optimization.
INFO: [Physopt 32-232] Optimized 0 net. Created 0 new instance.
INFO: [Physopt 32-775] End 1 Pass. Optimized 0 net or cell. Created 0 new cell, deleted 0 existing cell and moved 0 existing cell
INFO: [Physopt 32-670] No setup violation found.  DSP Register Optimization was not performed.
INFO: [Physopt 32-670] No setup violation found.  Shift Register to Pipeline Optimization was not performed.
INFO: [Physopt 32-670] No setup violation found.  Shift Register Optimization was not performed.
INFO: [Physopt 32-670] No setup violation found.  BRAM Register Optimization was not performed.
INFO: [Physopt 32-670] No setup violation found.  URAM Register Optimization was not performed.
INFO: [Physopt 32-949] No candidate nets found for dynamic/static region interface net replication
INFO: [Physopt 32-775] End 1 Pass. Optimized 0 net or cell. Created 0 new cell, deleted 0 existing cell and moved 0 existing cell
Netlist sorting complete. Time (s): cpu = 00:00:00 ; elapsed = 00:00:00.002 . Memory (MB): peak = 1976.973 ; gain = 0.000

Summary of Physical Synthesis Optimizations
============================================


-----------------------------------------------------------------------------------------------------------------------------------------------------------
|  Optimization                                     |  Added Cells  |  Removed Cells  |  Optimized Cells/Nets  |  Dont Touch  |  Iterations  |  Elapsed   |
-----------------------------------------------------------------------------------------------------------------------------------------------------------
|  LUT Combining                                    |            0  |             28  |                    28  |           0  |           1  |  00:00:00  |
|  Retime                                           |            0  |              0  |                     0  |           0  |           1  |  00:00:00  |
|  Very High Fanout                                 |            0  |              0  |                     0  |           0  |           1  |  00:00:00  |
|  DSP Register                                     |            0  |              0  |                     0  |           0  |           0  |  00:00:00  |
|  Shift Register to Pipeline                       |            0  |              0  |                     0  |           0  |           0  |  00:00:00  |
|  Shift Register                                   |            0  |              0  |                     0  |           0  |           0  |  00:00:00  |
|  BRAM Register                                    |            0  |              0  |                     0  |           0  |           0  |  00:00:00  |
|  URAM Register                                    |            0  |              0  |                     0  |           0  |           0  |  00:00:00  |
|  Dynamic/Static Region Interface Net Replication  |            0  |              0  |                     0  |           0  |           1  |  00:00:00  |
|  Total                                            |            0  |             28  |                    28  |           0  |           4  |  00:00:00  |
-----------------------------------------------------------------------------------------------------------------------------------------------------------


Phase 2.5.2 Physical Synthesis In Placer | Checksum: 16f5f0d54

Time (s): cpu = 00:00:03 ; elapsed = 00:00:02 . Memory (MB): peak = 1976.973 ; gain = 8.266
Phase 2.5 Global Place Phase2 | Checksum: 10d5b052d

Time (s): cpu = 00:00:03 ; elapsed = 00:00:02 . Memory (MB): peak = 1976.973 ; gain = 8.266
Phase 2 Global Placement | Checksum: 10d5b052d

Time (s): cpu = 00:00:03 ; elapsed = 00:00:02 . Memory (MB): peak = 1976.973 ; gain = 8.266

Phase 3 Detail Placement

Phase 3.1 Commit Multi Column Macros
Phase 3.1 Commit Multi Column Macros | Checksum: 163df27fd

Time (s): cpu = 00:00:03 ; elapsed = 00:00:02 . Memory (MB): peak = 1976.973 ; gain = 8.266

Phase 3.2 Commit Most Macros & LUTRAMs
Phase 3.2 Commit Most Macros & LUTRAMs | Checksum: 17be0ee60

Time (s): cpu = 00:00:04 ; elapsed = 00:00:02 . Memory (MB): peak = 1976.973 ; gain = 8.266

Phase 3.3 Area Swap Optimization
Phase 3.3 Area Swap Optimization | Checksum: 1ef7b704e

Time (s): cpu = 00:00:04 ; elapsed = 00:00:02 . Memory (MB): peak = 1976.973 ; gain = 8.266

Phase 3.4 Pipeline Register Optimization
Phase 3.4 Pipeline Register Optimization | Checksum: 18f268ee1

Time (s): cpu = 00:00:04 ; elapsed = 00:00:02 . Memory (MB): peak = 1976.973 ; gain = 8.266

Phase 3.5 Small Shape Detail Placement
Phase 3.5 Small Shape Detail Placement | Checksum: 1a5eac1a5

Time (s): cpu = 00:00:04 ; elapsed = 00:00:02 . Memory (MB): peak = 1976.973 ; gain = 8.266

Phase 3.6 Re-assign LUT pins
Phase 3.6 Re-assign LUT pins | Checksum: 24db4eb3e

Time (s): cpu = 00:00:04 ; elapsed = 00:00:03 . Memory (MB): peak = 1976.973 ; gain = 8.266

Phase 3.7 Pipeline Register Optimization
Phase 3.7 Pipeline Register Optimization | Checksum: 26ddbcabd

Time (s): cpu = 00:00:04 ; elapsed = 00:00:03 . Memory (MB): peak = 1976.973 ; gain = 8.266
Phase 3 Detail Placement | Checksum: 26ddbcabd

Time (s): cpu = 00:00:04 ; elapsed = 00:00:03 . Memory (MB): peak = 1976.973 ; gain = 8.266

Phase 4 Post Placement Optimization and Clean-Up

Phase 4.1 Post Commit Optimization
INFO: [Timing 38-35] Done setting XDC timing constraints.

Phase 4.1.1 Post Placement Optimization
Post Placement Optimization Initialization | Checksum: 21d214256

Phase 4.1.1.1 BUFG Insertion

Starting Physical Synthesis Task

Phase 1 Physical Synthesis Initialization
INFO: [Physopt 32-721] Multithreading enabled for phys_opt_design using a maximum of 2 CPUs
INFO: [Physopt 32-619] Estimated Timing Summary | WNS=2.131 | TNS=0.000 |
Phase 1 Physical Synthesis Initialization | Checksum: 18951dbc1

Time (s): cpu = 00:00:00 ; elapsed = 00:00:00.025 . Memory (MB): peak = 2010.535 ; gain = 0.000
INFO: [Place 46-56] BUFG insertion identified 0 candidate nets. Inserted BUFG: 0, Replicated BUFG Driver: 0, Skipped due to Placement/Routing Conflicts: 0, Skipped due to Timing Degradation: 0, Skipped due to netlist editing failed: 0.
Ending Physical Synthesis Task | Checksum: 1f207a219

Time (s): cpu = 00:00:00 ; elapsed = 00:00:00.034 . Memory (MB): peak = 2010.535 ; gain = 0.000
Phase 4.1.1.1 BUFG Insertion | Checksum: 21d214256

Time (s): cpu = 00:00:05 ; elapsed = 00:00:03 . Memory (MB): peak = 2010.535 ; gain = 41.828

Phase 4.1.1.2 Post Placement Timing Optimization
INFO: [Place 30-746] Post Placement Timing Summary WNS=2.131. For the most accurate timing information please run report_timing.
Phase 4.1.1.2 Post Placement Timing Optimization | Checksum: 26856b99c

Time (s): cpu = 00:00:05 ; elapsed = 00:00:03 . Memory (MB): peak = 2010.535 ; gain = 41.828

Time (s): cpu = 00:00:05 ; elapsed = 00:00:03 . Memory (MB): peak = 2010.535 ; gain = 41.828
Phase 4.1 Post Commit Optimization | Checksum: 26856b99c

Time (s): cpu = 00:00:05 ; elapsed = 00:00:03 . Memory (MB): peak = 2010.535 ; gain = 41.828

Phase 4.2 Post Placement Cleanup
Phase 4.2 Post Placement Cleanup | Checksum: 26856b99c

Time (s): cpu = 00:00:05 ; elapsed = 00:00:03 . Memory (MB): peak = 2010.535 ; gain = 41.828

Phase 4.3 Placer Reporting

Phase 4.3.1 Print Estimated Congestion
INFO: [Place 30-612] Post-Placement Estimated Congestion 
 ____________________________________________________
|           | Global Congestion | Short Congestion  |
| Direction | Region Size       | Region Size       |
|___________|___________________|___________________|
|      North|                1x1|                1x1|
|___________|___________________|___________________|
|      South|                1x1|                1x1|
|___________|___________________|___________________|
|       East|                1x1|                1x1|
|___________|___________________|___________________|
|       West|                1x1|                1x1|
|___________|___________________|___________________|

Phase 4.3.1 Print Estimated Congestion | Checksum: 26856b99c

Time (s): cpu = 00:00:05 ; elapsed = 00:00:03 . Memory (MB): peak = 2010.535 ; gain = 41.828
Phase 4.3 Placer Reporting | Checksum: 26856b99c

Time (s): cpu = 00:00:05 ; elapsed = 00:00:03 . Memory (MB): peak = 2010.535 ; gain = 41.828

Phase 4.4 Final Placement Cleanup
Netlist sorting complete. Time (s): cpu = 00:00:00 ; elapsed = 00:00:00.001 . Memory (MB): peak = 2010.535 ; gain = 0.000

Time (s): cpu = 00:00:05 ; elapsed = 00:00:03 . Memory (MB): peak = 2010.535 ; gain = 41.828
Phase 4 Post Placement Optimization and Clean-Up | Checksum: 21533c4fe

Time (s): cpu = 00:00:05 ; elapsed = 00:00:03 . Memory (MB): peak = 2010.535 ; gain = 41.828
Ending Placer Task | Checksum: 162f528ca

Time (s): cpu = 00:00:05 ; elapsed = 00:00:03 . Memory (MB): peak = 2010.535 ; gain = 41.828
77 Infos, 1 Warnings, 0 Critical Warnings and 0 Errors encountered.
place_design completed successfully
INFO: [Vivado 12-24838] Running report commands "report_control_sets, report_io, report_utilization" in parallel.
Running report generation with 2 threads.
INFO: [Vivado 12-24828] Executing command : report_utilization -file soc_design_wrapper_utilization_placed.rpt -pb soc_design_wrapper_utilization_placed.pb
INFO: [Vivado 12-24828] Executing command : report_control_sets -verbose -file soc_design_wrapper_control_sets_placed.rpt
report_control_sets: Time (s): cpu = 00:00:00 ; elapsed = 00:00:00.007 . Memory (MB): peak = 2010.535 ; gain = 0.000
INFO: [Vivado 12-24828] Executing command : report_io -file soc_design_wrapper_io_placed.rpt
report_io: Time (s): cpu = 00:00:00 ; elapsed = 00:00:00.055 . Memory (MB): peak = 2010.535 ; gain = 0.000
INFO: [Timing 38-480] Writing timing data to binary archive.
Write ShapeDB Complete: Time (s): cpu = 00:00:00 ; elapsed = 00:00:00.016 . Memory (MB): peak = 2020.715 ; gain = 8.918
Wrote PlaceDB: Time (s): cpu = 00:00:00 ; elapsed = 00:00:00.104 . Memory (MB): peak = 2028.168 ; gain = 7.453
Wrote PulsedLatchDB: Time (s): cpu = 00:00:00 ; elapsed = 00:00:00.001 . Memory (MB): peak = 2028.168 ; gain = 0.000
Writing XDEF routing.
Writing XDEF routing logical nets.
Writing XDEF routing special nets.
Wrote RouteStorage: Time (s): cpu = 00:00:01 ; elapsed = 00:00:00.025 . Memory (MB): peak = 2028.168 ; gain = 0.000
Wrote Netlist Cache: Time (s): cpu = 00:00:00 ; elapsed = 00:00:00.002 . Memory (MB): peak = 2028.168 ; gain = 0.000
Wrote Device Cache: Time (s): cpu = 00:00:00 ; elapsed = 00:00:00.009 . Memory (MB): peak = 2028.168 ; gain = 0.000
Write Physdb Complete: Time (s): cpu = 00:00:01 ; elapsed = 00:00:00.148 . Memory (MB): peak = 2028.168 ; gain = 16.371
INFO: [Common 17-1381] The checkpoint 'C:/Users/azmib/Desktop/HardwareSoftwareCodesign/Vivado_Project/SoC_Project/SoC_Project.runs/impl_1/soc_design_wrapper_placed.dcp' has been generated.
Command: phys_opt_design
Attempting to get a license for feature 'Implementation' and/or device 'xc7z020'
INFO: [Common 17-349] Got license for feature 'Implementation' and/or device 'xc7z020'

Starting Initial Update Timing Task

Time (s): cpu = 00:00:00 ; elapsed = 00:00:00.127 . Memory (MB): peak = 2028.168 ; gain = 0.000
INFO: [Vivado_Tcl 4-2279] Estimated Timing Summary | WNS= 2.131 | TNS= 0.000 | 
INFO: [Vivado_Tcl 4-383] Design worst setup slack (WNS) is greater than or equal to 0.000 ns. All physical synthesis setup optimizations will be skipped.
INFO: [Vivado_Tcl 4-232] No setup violation found. The netlist was not modified.
INFO: [Common 17-83] Releasing license: Implementation
88 Infos, 1 Warnings, 0 Critical Warnings and 0 Errors encountered.
phys_opt_design completed successfully
INFO: [Timing 38-480] Writing timing data to binary archive.
Write ShapeDB Complete: Time (s): cpu = 00:00:00 ; elapsed = 00:00:00.016 . Memory (MB): peak = 2046.988 ; gain = 8.934
Wrote PlaceDB: Time (s): cpu = 00:00:00 ; elapsed = 00:00:00.100 . Memory (MB): peak = 2054.402 ; gain = 7.414
Wrote PulsedLatchDB: Time (s): cpu = 00:00:00 ; elapsed = 00:00:00 . Memory (MB): peak = 2054.402 ; gain = 0.000
Writing XDEF routing.
Writing XDEF routing logical nets.
Writing XDEF routing special nets.
Wrote RouteStorage: Time (s): cpu = 00:00:00 ; elapsed = 00:00:00.024 . Memory (MB): peak = 2054.402 ; gain = 0.000
Wrote Netlist Cache: Time (s): cpu = 00:00:00 ; elapsed = 00:00:00.003 . Memory (MB): peak = 2054.402 ; gain = 0.000
Wrote Device Cache: Time (s): cpu = 00:00:00 ; elapsed = 00:00:00.010 . Memory (MB): peak = 2054.402 ; gain = 0.000
Write Physdb Complete: Time (s): cpu = 00:00:01 ; elapsed = 00:00:00.145 . Memory (MB): peak = 2054.402 ; gain = 7.414
INFO: [Common 17-1381] The checkpoint 'C:/Users/azmib/Desktop/HardwareSoftwareCodesign/Vivado_Project/SoC_Project/SoC_Project.runs/impl_1/soc_design_wrapper_physopt.dcp' has been generated.
Command: route_design
Attempting to get a license for feature 'Implementation' and/or device 'xc7z020'
INFO: [Common 17-349] Got license for feature 'Implementation' and/or device 'xc7z020'


Starting Routing Task
INFO: [Route 35-254] Multithreading enabled for route_design using a maximum of 2 CPUs

Phase 1 Build RT Design
Checksum: PlaceDB: b9c57856 ConstDB: 0 ShapeSum: 93363d84 RouteDB: 15f972f0
Post Restoration Checksum: NetGraph: 178ff364 | NumContArr: aef72f3c | Constraints: c2a8fa9d | Timing: c2a8fa9d
Phase 1 Build RT Design | Checksum: 24bd917da

Time (s): cpu = 00:00:26 ; elapsed = 00:00:25 . Memory (MB): peak = 2128.707 ; gain = 74.305

Phase 2 Router Initialization

Phase 2.1 Fix Topology Constraints
Phase 2.1 Fix Topology Constraints | Checksum: 24bd917da

Time (s): cpu = 00:00:26 ; elapsed = 00:00:25 . Memory (MB): peak = 2128.707 ; gain = 74.305

Phase 2.2 Pre Route Cleanup
Phase 2.2 Pre Route Cleanup | Checksum: 24bd917da

Time (s): cpu = 00:00:26 ; elapsed = 00:00:25 . Memory (MB): peak = 2128.707 ; gain = 74.305
 Number of Nodes with overlaps = 0

Phase 2.3 Update Timing
Phase 2.3 Update Timing | Checksum: 1a2cc3456

Time (s): cpu = 00:00:27 ; elapsed = 00:00:25 . Memory (MB): peak = 2167.215 ; gain = 112.812
INFO: [Route 35-416] Intermediate Timing Summary | WNS=2.155  | TNS=0.000  | WHS=-0.152 | THS=-19.396|


Phase 2.4 Soft Constraint Pins - Fast Budgeting
Phase 2.4 Soft Constraint Pins - Fast Budgeting | Checksum: 1aa44445c

Time (s): cpu = 00:00:27 ; elapsed = 00:00:25 . Memory (MB): peak = 2191.293 ; gain = 136.891

Router Utilization Summary
  Global Vertical Routing Utilization    = 0 %
  Global Horizontal Routing Utilization  = 0 %
  Routable Net Status*
  *Does not include unroutable nets such as driverless and loadless.
  Run report_route_status for detailed report.
  Number of Failed Nets               = 1717
    (Failed Nets is the sum of unrouted and partially routed nets)
  Number of Unrouted Nets             = 1717
  Number of Partially Routed Nets     = 0
  Number of Node Overlaps             = 0

Phase 2 Router Initialization | Checksum: 1b2804f28

Time (s): cpu = 00:00:28 ; elapsed = 00:00:25 . Memory (MB): peak = 2191.293 ; gain = 136.891

Phase 3 Global Routing
Phase 3 Global Routing | Checksum: 1b2804f28

Time (s): cpu = 00:00:28 ; elapsed = 00:00:25 . Memory (MB): peak = 2191.293 ; gain = 136.891

Phase 4 Initial Routing

Phase 4.1 Initial Net Routing Pass
Phase 4.1 Initial Net Routing Pass | Checksum: 287968f9c

Time (s): cpu = 00:00:28 ; elapsed = 00:00:26 . Memory (MB): peak = 2191.293 ; gain = 136.891
Phase 4 Initial Routing | Checksum: 287968f9c

Time (s): cpu = 00:00:28 ; elapsed = 00:00:26 . Memory (MB): peak = 2191.293 ; gain = 136.891

Phase 5 Rip-up And Reroute

Phase 5.1 Global Iteration 0
 Number of Nodes with overlaps = 108
 Number of Nodes with overlaps = 13
 Number of Nodes with overlaps = 2
 Number of Nodes with overlaps = 0
INFO: [Route 35-416] Intermediate Timing Summary | WNS=2.460  | TNS=0.000  | WHS=N/A    | THS=N/A    |

Phase 5.1 Global Iteration 0 | Checksum: 2ff9380bb

Time (s): cpu = 00:00:29 ; elapsed = 00:00:26 . Memory (MB): peak = 2191.293 ; gain = 136.891

Phase 5.2 Global Iteration 1
 Number of Nodes with overlaps = 2
 Number of Nodes with overlaps = 0
INFO: [Route 35-416] Intermediate Timing Summary | WNS=2.460  | TNS=0.000  | WHS=N/A    | THS=N/A    |

Phase 5.2 Global Iteration 1 | Checksum: 1923ee4c8

Time (s): cpu = 00:00:29 ; elapsed = 00:00:26 . Memory (MB): peak = 2191.293 ; gain = 136.891
Phase 5 Rip-up And Reroute | Checksum: 1923ee4c8

Time (s): cpu = 00:00:29 ; elapsed = 00:00:26 . Memory (MB): peak = 2191.293 ; gain = 136.891

Phase 6 Delay and Skew Optimization

Phase 6.1 Delay CleanUp
Phase 6.1 Delay CleanUp | Checksum: 1923ee4c8

Time (s): cpu = 00:00:29 ; elapsed = 00:00:26 . Memory (MB): peak = 2191.293 ; gain = 136.891

Phase 6.2 Clock Skew Optimization
Phase 6.2 Clock Skew Optimization | Checksum: 1923ee4c8

Time (s): cpu = 00:00:29 ; elapsed = 00:00:26 . Memory (MB): peak = 2191.293 ; gain = 136.891
Phase 6 Delay and Skew Optimization | Checksum: 1923ee4c8

Time (s): cpu = 00:00:29 ; elapsed = 00:00:26 . Memory (MB): peak = 2191.293 ; gain = 136.891

Phase 7 Post Hold Fix

Phase 7.1 Hold Fix Iter
INFO: [Route 35-416] Intermediate Timing Summary | WNS=2.575  | TNS=0.000  | WHS=0.081  | THS=0.000  |

Phase 7.1 Hold Fix Iter | Checksum: 1bf877fdf

Time (s): cpu = 00:00:29 ; elapsed = 00:00:26 . Memory (MB): peak = 2191.293 ; gain = 136.891
Phase 7 Post Hold Fix | Checksum: 1bf877fdf

Time (s): cpu = 00:00:29 ; elapsed = 00:00:26 . Memory (MB): peak = 2191.293 ; gain = 136.891

Phase 8 Route finalize

Router Utilization Summary
  Global Vertical Routing Utilization    = 0.200942 %
  Global Horizontal Routing Utilization  = 0.225237 %
  Routable Net Status*
  *Does not include unroutable nets such as driverless and loadless.
  Run report_route_status for detailed report.
  Number of Failed Nets               = 0
    (Failed Nets is the sum of unrouted and partially routed nets)
  Number of Unrouted Nets             = 0
  Number of Partially Routed Nets     = 0
  Number of Node Overlaps             = 0

Phase 8 Route finalize | Checksum: 1bf877fdf

Time (s): cpu = 00:00:29 ; elapsed = 00:00:26 . Memory (MB): peak = 2191.293 ; gain = 136.891

Phase 9 Verifying routed nets

 Verification completed successfully
Phase 9 Verifying routed nets | Checksum: 1bf877fdf

Time (s): cpu = 00:00:29 ; elapsed = 00:00:26 . Memory (MB): peak = 2191.293 ; gain = 136.891

Phase 10 Depositing Routes
Phase 10 Depositing Routes | Checksum: 225265d4c

Time (s): cpu = 00:00:29 ; elapsed = 00:00:26 . Memory (MB): peak = 2191.293 ; gain = 136.891

Phase 11 Post Process Routing
Phase 11 Post Process Routing | Checksum: 225265d4c

Time (s): cpu = 00:00:29 ; elapsed = 00:00:26 . Memory (MB): peak = 2191.293 ; gain = 136.891

Phase 12 Post Router Timing
INFO: [Route 35-57] Estimated Timing Summary | WNS=2.575  | TNS=0.000  | WHS=0.081  | THS=0.000  |

INFO: [Route 35-327] The final timing numbers are based on the router estimated timing analysis. For a complete and accurate timing signoff, please run report_timing_summary.
Phase 12 Post Router Timing | Checksum: 225265d4c

Time (s): cpu = 00:00:29 ; elapsed = 00:00:26 . Memory (MB): peak = 2191.293 ; gain = 136.891
Total Elapsed time in route_design: 26.305 secs

Phase 13 Post-Route Event Processing
Phase 13 Post-Route Event Processing | Checksum: 1ad8471d4

Time (s): cpu = 00:00:29 ; elapsed = 00:00:26 . Memory (MB): peak = 2191.293 ; gain = 136.891
INFO: [Route 35-16] Router Completed Successfully
Ending Routing Task | Checksum: 1ad8471d4

Time (s): cpu = 00:00:29 ; elapsed = 00:00:26 . Memory (MB): peak = 2191.293 ; gain = 136.891

Routing Is Done.
INFO: [Common 17-83] Releasing license: Implementation
100 Infos, 1 Warnings, 0 Critical Warnings and 0 Errors encountered.
route_design completed successfully
route_design: Time (s): cpu = 00:00:29 ; elapsed = 00:00:26 . Memory (MB): peak = 2191.293 ; gain = 136.891
INFO: [Vivado 12-24828] Executing command : report_drc -file soc_design_wrapper_drc_routed.rpt -pb soc_design_wrapper_drc_routed.pb -rpx soc_design_wrapper_drc_routed.rpx
Command: report_drc -file soc_design_wrapper_drc_routed.rpt -pb soc_design_wrapper_drc_routed.pb -rpx soc_design_wrapper_drc_routed.rpx
INFO: [IP_Flow 19-1839] IP Catalog is up to date.
INFO: [DRC 23-27] Running DRC with 2 threads
INFO: [Vivado_Tcl 2-168] The results of DRC are in file C:/Users/azmib/Desktop/HardwareSoftwareCodesign/Vivado_Project/SoC_Project/SoC_Project.runs/impl_1/soc_design_wrapper_drc_routed.rpt.
report_drc completed successfully
INFO: [Vivado 12-24828] Executing command : report_methodology -file soc_design_wrapper_methodology_drc_routed.rpt -pb soc_design_wrapper_methodology_drc_routed.pb -rpx soc_design_wrapper_methodology_drc_routed.rpx
Command: report_methodology -file soc_design_wrapper_methodology_drc_routed.rpt -pb soc_design_wrapper_methodology_drc_routed.pb -rpx soc_design_wrapper_methodology_drc_routed.rpx
INFO: [Timing 38-35] Done setting XDC timing constraints.
INFO: [DRC 23-133] Running Methodology with 2 threads
INFO: [Vivado_Tcl 2-1520] The results of Report Methodology are in file C:/Users/azmib/Desktop/HardwareSoftwareCodesign/Vivado_Project/SoC_Project/SoC_Project.runs/impl_1/soc_design_wrapper_methodology_drc_routed.rpt.
report_methodology completed successfully
INFO: [Vivado 12-24828] Executing command : report_timing_summary -max_paths 10 -routable_nets -report_unconstrained -file soc_design_wrapper_timing_summary_routed.rpt -pb soc_design_wrapper_timing_summary_routed.pb -rpx soc_design_wrapper_timing_summary_routed.rpx -warn_on_violation 
INFO: [Timing 38-35] Done setting XDC timing constraints.
INFO: [Timing 38-91] UpdateTimingParams: Speed grade: -1, Delay Type: min_max.
INFO: [Timing 38-191] Multithreading enabled for timing update using a maximum of 2 CPUs
INFO: [Vivado 12-24838] Running report commands "report_incremental_reuse, report_route_status" in parallel.
Running report generation with 2 threads.
INFO: [Vivado 12-24828] Executing command : report_incremental_reuse -file soc_design_wrapper_incremental_reuse_routed.rpt
INFO: [Vivado_Tcl 4-1062] Incremental flow is disabled. No incremental reuse Info to report.
INFO: [Vivado 12-24828] Executing command : report_route_status -file soc_design_wrapper_route_status.rpt -pb soc_design_wrapper_route_status.pb
INFO: [Vivado 12-24828] Executing command : report_power -file soc_design_wrapper_power_routed.rpt -pb soc_design_wrapper_power_summary_routed.pb -rpx soc_design_wrapper_power_routed.rpx
Command: report_power -file soc_design_wrapper_power_routed.rpt -pb soc_design_wrapper_power_summary_routed.pb -rpx soc_design_wrapper_power_routed.rpx
Running Vector-less Activity Propagation...

Finished Running Vector-less Activity Propagation
117 Infos, 1 Warnings, 0 Critical Warnings and 0 Errors encountered.
report_power completed successfully
INFO: [Vivado 12-24828] Executing command : report_clock_utilization -file soc_design_wrapper_clock_utilization_routed.rpt
INFO: [Vivado 12-24828] Executing command : report_bus_skew -warn_on_violation -file soc_design_wrapper_bus_skew_routed.rpt -pb soc_design_wrapper_bus_skew_routed.pb -rpx soc_design_wrapper_bus_skew_routed.rpx
INFO: [Timing 38-91] UpdateTimingParams: Speed grade: -1, Delay Type: min_max.
INFO: [Timing 38-191] Multithreading enabled for timing update using a maximum of 2 CPUs
generate_parallel_reports: Time (s): cpu = 00:00:12 ; elapsed = 00:00:07 . Memory (MB): peak = 2234.012 ; gain = 42.719
INFO: [Timing 38-480] Writing timing data to binary archive.
Write ShapeDB Complete: Time (s): cpu = 00:00:00 ; elapsed = 00:00:00.020 . Memory (MB): peak = 2243.086 ; gain = 8.953
Wrote PlaceDB: Time (s): cpu = 00:00:00 ; elapsed = 00:00:00.111 . Memory (MB): peak = 2251.598 ; gain = 8.512
Wrote PulsedLatchDB: Time (s): cpu = 00:00:00 ; elapsed = 00:00:00 . Memory (MB): peak = 2251.598 ; gain = 0.000
Writing XDEF routing.
Writing XDEF routing logical nets.
Writing XDEF routing special nets.
Wrote RouteStorage: Time (s): cpu = 00:00:01 ; elapsed = 00:00:00.038 . Memory (MB): peak = 2251.598 ; gain = 0.000
Wrote Netlist Cache: Time (s): cpu = 00:00:00 ; elapsed = 00:00:00.002 . Memory (MB): peak = 2251.598 ; gain = 0.000
Wrote Device Cache: Time (s): cpu = 00:00:00 ; elapsed = 00:00:00.010 . Memory (MB): peak = 2251.598 ; gain = 0.000
Write Physdb Complete: Time (s): cpu = 00:00:01 ; elapsed = 00:00:00.166 . Memory (MB): peak = 2251.598 ; gain = 8.512
INFO: [Common 17-1381] The checkpoint 'C:/Users/azmib/Desktop/HardwareSoftwareCodesign/Vivado_Project/SoC_Project/SoC_Project.runs/impl_1/soc_design_wrapper_routed.dcp' has been generated.
Command: write_bitstream -force soc_design_wrapper.bit
Attempting to get a license for feature 'Implementation' and/or device 'xc7z020'
INFO: [Common 17-349] Got license for feature 'Implementation' and/or device 'xc7z020'
Running DRC as a precondition to command write_bitstream
INFO: [IP_Flow 19-1839] IP Catalog is up to date.
INFO: [DRC 23-27] Running DRC with 2 threads
INFO: [Vivado 12-3199] DRC finished with 0 Errors
INFO: [Vivado 12-3200] Please refer to the DRC report (report_drc) for more information.
INFO: [Designutils 20-2272] Running write_bitstream with 2 threads.
Loading data files...
Loading site data...
Loading route data...
Processing options...
Creating bitmap...
Creating bitstream...
Writing bitstream ./soc_design_wrapper.bit...
INFO: [Vivado 12-1842] Bitgen Completed Successfully.
INFO: [Project 1-1876] WebTalk data collection is mandatory when using a ULT device. To see the specific WebTalk data collected for your design, open the usage_statistics_webtalk.html or usage_statistics_webtalk.xml file in the implementation directory.
INFO: [Common 17-83] Releasing license: Implementation
132 Infos, 1 Warnings, 0 Critical Warnings and 0 Errors encountered.
write_bitstream completed successfully
write_bitstream: Time (s): cpu = 00:00:16 ; elapsed = 00:00:13 . Memory (MB): peak = 2738.004 ; gain = 486.406
INFO: [Common 17-206] Exiting Vivado at Sat Dec  6 23:41:46 2025...
